<?xml version="1.0" encoding="UTF-8"?>
<!-- Generated by org.testng.reporters.JUnitReportReporter -->
<testsuite hostname="DESKTOP-A01TMT4" name="com.wbl.qa.testcases.LoginPageTest" tests="2" failures="0" timestamp="17 Sep 2019 20:09:22 GMT" time="17.680" errors="0">
  <testcase name="SigninTest" time="9.846" classname="com.wbl.qa.testcases.LoginPageTest"/>
  <testcase name="loginPageTitleTest" time="7.834" classname="com.wbl.qa.testcases.LoginPageTest"/>
</testsuite> <!-- com.wbl.qa.testcases.LoginPageTest -->
